Exception (client): Error reading SSH protocol banner
Traceback (most recent call last):
  File "C:\Users\xzx\AppData\Roaming\Python\Python314\site-packages\paramiko\transport.py", line 2363, in _check_banner
    buf = self.packetizer.readline(timeout)
  File "C:\Users\xzx\AppData\Roaming\Python\Python314\site-packages\paramiko\packet.py", line 395, in readline
    buf += self._read_timeout(timeout)
           ~~~~~~~~~~~~~~~~~~^^^^^^^^^
  File "C:\Users\xzx\AppData\Roaming\Python\Python314\site-packages\paramiko\packet.py", line 673, in _read_timeout
    raise socket.timeout()
TimeoutError

During handling of the above exception, another exception occurred:

Traceback (most recent call last):
  File "C:\Users\xzx\AppData\Roaming\Python\Python314\site-packages\paramiko\transport.py", line 2179, in run
    self._check_banner()
    ~~~~~~~~~~~~~~~~~~^^
  File "C:\Users\xzx\AppData\Roaming\Python\Python314\site-packages\paramiko\transport.py", line 2367, in _check_banner
    raise SSHException(
        "Error reading SSH protocol banner" + str(e)
    )
paramiko.ssh_exception.SSHException: Error reading SSH protocol banner

蟀諉督昢ん...
渣昫: Error reading SSH protocol banner
